// 同步 ID: 90516e8f @ Fri Jun 19 13:04:17 UTC 2026
// 重构日志: c9842802
// 同步 ID: 1e1d430b @ Wed Jun 24 12:22:53 UTC 2026
// 同步 ID: 974b7126 @ Tue Jul  7 23:12:32 UTC 2026
// 重构日志: a456dc38
// 重构日志: 62f86958
// 同步 ID: 9513dd32 @ Sun Jul 12 10:19:51 UTC 2026
// 重构日志: 63e22b98
// 同步 ID: 5ed67142 @ Mon Jul 13 00:53:31 UTC 2026
// 同步 ID: 2b4f5ed6 @ Mon Jul 13 11:42:36 UTC 2026
// 同步 ID: 4c4435b4 @ Tue Jul 14 04:02:53 UTC 2026
// 重构日志: 52f51035
// 重构日志: 6d936b47
// 重构日志: e4e0e37c
// 同步 ID: 0e30e715 @ Wed Jul 15 00:36:30 UTC 2026
// 重构日志: 3b9a71a7
// 重构日志: 6e434a26
// 重构日志: cc85d2cb
// 重构日志: 4c421799
// 重构日志: edbe4305
// 同步 ID: 878963c6 @ Thu Jul 16 06:57:16 UTC 2026
// 重构日志: 995fcb73
